Arguments: 
  C:\Program Files\nodejs\node.exe C:\Users\User\AppData\Roaming\npm\node_modules\yarn\bin\yarn.js add sass -D

PATH: 
  C:\Users\User\AppData\Roaming\nvm\v14.18.2\node_modules\npm\node_modules\npm-lifecycle\node-gyp-bin;C:\Users\User\asad-header-test\node_modules\.bin;C:\Users\User\bin;C:\Program Files\Git\mingw64\bin;C:\Program Files\Git\usr\local\bin;C:\Program Files\Git\usr\bin;C:\Program Files\Git\usr\bin;C:\Program Files\Git\mingw64\bin;C:\Program Files\Git\usr\bin;C:\Users\User\bin;C:\Users\User\AppData\Local\Programs\Python\Python39\Scripts;C:\Users\User\AppData\Local\Programs\Python\Python39;C:\Python39\Scripts;C:\Python39;C:\WINDOWS\system32;C:\WINDOWS;C:\WINDOWS\System32\Wbem;C:\WINDOWS\System32\WindowsPowerShell\v1.0;C:\WINDOWS\System32\OpenSSH;C:\Program Files\Intel\WiFi\bin;C:\Program Files\Common Files\Intel\WirelessCommon;C:\Python\Python36;C:\ProgramData\chocolatey\bin;C:\Users\User\AppData\Roaming\nvm;C:\Program Files\nodejs;C:\Program Files\Git\cmd;C:\Users\User\AppData\Local\Programs\Python\Python310\Scripts;C:\Users\User\AppData\Local\Programs\Python\Python310;C:\Users\User\AppData\Local\Programs\Python\Python36\Scripts;C:\Users\User\AppData\Local\Programs\Python\Python36;C:\Python\Python36\Scripts;C:\Python\Python36;C:\Users\User\AppData\Local\Programs\Python\Python37-32\Scripts;C:\Users\User\AppData\Local\Programs\Python\Python37-32;C:\Users\User\AppData\Local\Microsoft\WindowsApps;C:\Program Files\JetBrains\PyCharm 2019.1.3\bin;C:\Users\User\Desktop\Python34;C:\Users\User\AppData\Local\GitHubDesktop\bin;C:\Program Files\JetBrains\PyCharm 2020.2.2\bin;C:\Program Files\JetBrains\PyCharm Community Edition 2020.2.2\bin;C:\Users\User\AppData\Local\Microsoft\WindowsApps;C:\Users\User\AppData\Roaming\npm;C:\Program Files\JetBrains\WebStorm 2021.2.1\bin;C:\Users\User\AppData\Roaming\nvm;C:\Program Files\nodejs;C:\Users\User\AppData\Local\Programs\Microsoft VS Code\bin;C:\Program Files\Git\usr\bin\vendor_perl;C:\Program Files\Git\usr\bin\core_perl

Yarn version: 
  1.22.4

Node version: 
  14.18.2

Platform: 
  win32 x64

Trace: 
  Error: EPERM: operation not permitted, unlink 'C:\Users\User\asad-header-test\node_modules\deasync\bin\win32-x64-node-14\deasync.node'

npm manifest: 
  {
    "name": "javascript_project_template",
    "version": "1.0.0",
    "description": "",
    "main": "index.js",
    "scripts": {
      "start": "parcel ./src/index.html --open",
      "lint:html": "linthtml ./src/index.html",
      "lint:css": "stylelint **/*.scss",
      "lint:js": "eslint ./src",
      "lint": "concurrently \"npm run lint:html\" \"npm run lint:css\" \"npm run lint:js\"",
      "build": "rm -rf dist && parcel build ./src/index.html --public-url ./ --no-content-hash",
      "predeploy": "npm run build",
      "deploy": "gh-pages -d dist"
    },
    "keywords": [],
    "author": "Anna",
    "license": "ISC",
    "devDependencies": {
      "@linthtml/linthtml": "^0.8.6",
      "concurrently": "^7.1.0",
      "eslint": "^8.14.0",
      "eslint-config-airbnb-base": "^15.0.0",
      "eslint-plugin-import": "^2.26.0",
      "gh-pages": "^3.2.3",
      "husky": "^7.0.4",
      "parcel": "^1.12.3",
      "stylelint": "^14.8.1",
      "stylelint-config-standard-scss": "^3.0.0"
    }
  }

yarn manifest: 
  No manifest

Lockfile: 
  No lockfile
